<?xml version="1.0" encoding="UTF-8"?>
<testsuite name="com.bridgelabz.InvoiceServiceTest" tests="1" skipped="0" failures="0" errors="0" timestamp="2021-06-21T16:09:26" hostname="LAPTOP-OKMRMTOT" time="0.005">
  <properties/>
  <testcase name="givenUserId_shouldReturnInvoiceSummary" classname="com.bridgelabz.InvoiceServiceTest" time="0.005"/>
  <system-out><![CDATA[]]></system-out>
  <system-err><![CDATA[]]></system-err>
</testsuite>
