<?xml version="1.0" encoding="UTF-8"?>
<testsuite name="com.bridgelabz.InvoiceServiceTest" tests="2" skipped="0" failures="0" errors="0" timestamp="2021-06-18T04:56:40" hostname="LAPTOP-OKMRMTOT" time="0.004">
  <properties/>
  <testcase name="givenLessDistanceAndTime_shouldReturnMinFare" classname="com.bridgelabz.InvoiceServiceTest" time="0.003"/>
  <testcase name="givenDistanceAndTime_ShouldReturnTotalFare" classname="com.bridgelabz.InvoiceServiceTest" time="0.0"/>
  <system-out><![CDATA[]]></system-out>
  <system-err><![CDATA[]]></system-err>
</testsuite>
