<?xml version="1.0" encoding="UTF-8"?>
<testsuite name="com.bridgelabz.InvoiceServiceTest" tests="1" skipped="0" failures="0" errors="0" timestamp="2021-06-18T05:53:20" hostname="LAPTOP-OKMRMTOT" time="0.016">
  <properties/>
  <testcase name="givenMultipleRides_shouldReturnTotalFare" classname="com.bridgelabz.InvoiceServiceTest" time="0.016"/>
  <system-out><![CDATA[]]></system-out>
  <system-err><![CDATA[]]></system-err>
</testsuite>
